<?xml version="1.0" encoding="UTF-8"?>
<coverage generated="1632846616058" clover="3.2.0">
  <project timestamp="1632846616058" name="All files">
    <metrics statements="67" coveredstatements="67" conditionals="24" coveredconditionals="24" methods="22" coveredmethods="22" elements="113" coveredelements="113" complexity="0" loc="67" ncloc="67" packages="2" files="4" classes="4"/>
    <package name="src">
      <metrics statements="62" coveredstatements="62" conditionals="24" coveredconditionals="24" methods="20" coveredmethods="20"/>
      <file name="DirectoryTree.js" path="/home/hugo/epam/challenges/directory-tree/src/DirectoryTree.js">
        <metrics statements="37" coveredstatements="37" conditionals="10" coveredconditionals="10" methods="12" coveredmethods="12"/>
        <line num="5" count="10" type="stmt"/>
        <line num="6" count="10" type="stmt"/>
        <line num="10" count="19" type="stmt"/>
        <line num="11" count="18" type="stmt"/>
        <line num="12" count="18" type="cond" truecount="2" falsecount="0"/>
        <line num="13" count="18" type="stmt"/>
        <line num="17" count="5" type="stmt"/>
        <line num="18" count="5" type="stmt"/>
        <line num="22" count="7" type="stmt"/>
        <line num="23" count="7" type="stmt"/>
        <line num="24" count="7" type="stmt"/>
        <line num="25" count="6" type="stmt"/>
        <line num="29" count="6" type="stmt"/>
        <line num="33" count="29" type="stmt"/>
        <line num="34" count="29" type="stmt"/>
        <line num="35" count="23" type="stmt"/>
        <line num="36" count="23" type="stmt"/>
        <line num="37" count="23" type="stmt"/>
        <line num="42" count="26" type="cond" truecount="2" falsecount="0"/>
        <line num="46" count="11" type="cond" truecount="2" falsecount="0"/>
        <line num="50" count="18" type="stmt"/>
        <line num="51" count="18" type="stmt"/>
        <line num="52" count="18" type="stmt"/>
        <line num="53" count="18" type="cond" truecount="2" falsecount="0"/>
        <line num="57" count="7" type="stmt"/>
        <line num="58" count="6" type="cond" truecount="2" falsecount="0"/>
        <line num="59" count="6" type="stmt"/>
        <line num="60" count="6" type="stmt"/>
        <line num="64" count="25" type="stmt"/>
        <line num="65" count="25" type="stmt"/>
        <line num="66" count="11" type="stmt"/>
        <line num="67" count="11" type="stmt"/>
        <line num="69" count="24" type="stmt"/>
        <line num="73" count="25" type="stmt"/>
        <line num="74" count="25" type="stmt"/>
        <line num="75" count="25" type="stmt"/>
        <line num="76" count="25" type="stmt"/>
      </file>
      <file name="InstructionHandler.js" path="/home/hugo/epam/challenges/directory-tree/src/InstructionHandler.js">
        <metrics statements="25" coveredstatements="25" conditionals="14" coveredconditionals="14" methods="8" coveredmethods="8"/>
        <line num="7" count="12" type="stmt"/>
        <line num="8" count="10" type="stmt"/>
        <line num="9" count="10" type="stmt"/>
        <line num="10" count="10" type="stmt"/>
        <line num="14" count="7" type="stmt"/>
        <line num="15" count="29" type="stmt"/>
        <line num="16" count="29" type="stmt"/>
        <line num="18" count="4" type="stmt"/>
        <line num="24" count="10" type="stmt"/>
        <line num="28" count="29" type="cond" truecount="4" falsecount="0"/>
        <line num="29" count="28" type="stmt"/>
        <line num="30" count="28" type="stmt"/>
        <line num="31" count="27" type="stmt"/>
        <line num="35" count="28" type="stmt"/>
        <line num="36" count="28" type="stmt"/>
        <line num="40" count="28" type="cond" truecount="2" falsecount="0"/>
        <line num="44" count="12" type="cond" truecount="2" falsecount="0"/>
        <line num="45" count="11" type="cond" truecount="2" falsecount="0"/>
        <line num="49" count="27" type="stmt"/>
        <line num="50" count="27" type="cond" truecount="2" falsecount="0"/>
        <line num="51" count="27" type="cond" truecount="2" falsecount="0"/>
        <line num="52" count="27" type="stmt"/>
        <line num="53" count="27" type="stmt"/>
        <line num="54" count="27" type="stmt"/>
        <line num="55" count="27" type="stmt"/>
      </file>
    </package>
    <package name="src.utils">
      <metrics statements="5" coveredstatements="5" conditionals="0" coveredconditionals="0" methods="2" coveredmethods="2"/>
      <file name="constants.js" path="/home/hugo/epam/challenges/directory-tree/src/utils/constants.js">
        <metrics statements="1" coveredstatements="1" conditionals="0" coveredconditionals="0" methods="0" coveredmethods="0"/>
        <line num="1" count="1" type="stmt"/>
      </file>
      <file name="exceptions.js" path="/home/hugo/epam/challenges/directory-tree/src/utils/exceptions.js">
        <metrics statements="4" coveredstatements="4" conditionals="0" coveredconditionals="0" methods="2" coveredmethods="2"/>
        <line num="3" count="4" type="stmt"/>
        <line num="4" count="4" type="stmt"/>
        <line num="10" count="2" type="stmt"/>
        <line num="11" count="2" type="stmt"/>
      </file>
    </package>
  </project>
</coverage>
