{"/home/hugo/epam/challenges/directory-tree/src/DirectoryTree.js": {"path":"/home/hugo/epam/challenges/directory-tree/src/DirectoryTree.js","statementMap":{"0":{"start":{"line":5,"column":3},"end":{"line":5,"column":34}},"1":{"start":{"line":6,"column":2},"end":{"line":6,"column":23}},"2":{"start":{"line":10,"column":3},"end":{"line":10,"column":28}},"3":{"start":{"line":11,"column":35},"end":{"line":11,"column":56}},"4":{"start":{"line":12,"column":29},"end":{"line":12,"column":63}},"5":{"start":{"line":13,"column":3},"end":{"line":13,"column":55}},"6":{"start":{"line":17,"column":28},"end":{"line":17,"column":47}},"7":{"start":{"line":18,"column":3},"end":{"line":18,"column":42}},"8":{"start":{"line":22,"column":3},"end":{"line":22,"column":28}},"9":{"start":{"line":23,"column":35},"end":{"line":23,"column":56}},"10":{"start":{"line":24,"column":28},"end":{"line":24,"column":70}},"11":{"start":{"line":25,"column":3},"end":{"line":25,"column":27}},"12":{"start":{"line":29,"column":3},"end":{"line":29,"column":48}},"13":{"start":{"line":33,"column":19},"end":{"line":33,"column":54}},"14":{"start":{"line":34,"column":3},"end":{"line":38,"column":4}},"15":{"start":{"line":35,"column":35},"end":{"line":35,"column":40}},"16":{"start":{"line":36,"column":4},"end":{"line":36,"column":38}},"17":{"start":{"line":37,"column":3},"end":{"line":37,"column":49}},"18":{"start":{"line":42,"column":3},"end":{"line":42,"column":54}},"19":{"start":{"line":42,"column":14},"end":{"line":42,"column":54}},"20":{"start":{"line":46,"column":3},"end":{"line":46,"column":70}},"21":{"start":{"line":46,"column":22},"end":{"line":46,"column":70}},"22":{"start":{"line":50,"column":24},"end":{"line":50,"column":41}},"23":{"start":{"line":51,"column":24},"end":{"line":51,"column":53}},"24":{"start":{"line":52,"column":21},"end":{"line":52,"column":42}},"25":{"start":{"line":53,"column":3},"end":{"line":53,"column":82}},"26":{"start":{"line":57,"column":24},"end":{"line":57,"column":53}},"27":{"start":{"line":58,"column":25},"end":{"line":58,"column":123}},"28":{"start":{"line":59,"column":3},"end":{"line":59,"column":33}},"29":{"start":{"line":60,"column":3},"end":{"line":60,"column":24}},"30":{"start":{"line":64,"column":29},"end":{"line":64,"column":47}},"31":{"start":{"line":65,"column":3},"end":{"line":68,"column":4}},"32":{"start":{"line":66,"column":4},"end":{"line":66,"column":64}},"33":{"start":{"line":67,"column":4},"end":{"line":67,"column":52}},"34":{"start":{"line":69,"column":3},"end":{"line":69,"column":30}},"35":{"start":{"line":73,"column":21},"end":{"line":73,"column":36}},"36":{"start":{"line":74,"column":21},"end":{"line":74,"column":43}},"37":{"start":{"line":75,"column":20},"end":{"line":75,"column":51}},"38":{"start":{"line":76,"column":3},"end":{"line":76,"column":34}}},"fnMap":{"0":{"name":"(anonymous_0)","decl":{"start":{"line":4,"column":2},"end":{"line":4,"column":3}},"loc":{"start":{"line":4,"column":23},"end":{"line":7,"column":3}},"line":4},"1":{"name":"(anonymous_1)","decl":{"start":{"line":9,"column":2},"end":{"line":9,"column":3}},"loc":{"start":{"line":9,"column":27},"end":{"line":14,"column":3}},"line":9},"2":{"name":"(anonymous_2)","decl":{"start":{"line":16,"column":2},"end":{"line":16,"column":3}},"loc":{"start":{"line":16,"column":25},"end":{"line":19,"column":3}},"line":16},"3":{"name":"(anonymous_3)","decl":{"start":{"line":21,"column":2},"end":{"line":21,"column":3}},"loc":{"start":{"line":21,"column":16},"end":{"line":26,"column":3}},"line":21},"4":{"name":"(anonymous_4)","decl":{"start":{"line":28,"column":2},"end":{"line":28,"column":3}},"loc":{"start":{"line":28,"column":10},"end":{"line":30,"column":3}},"line":28},"5":{"name":"(anonymous_5)","decl":{"start":{"line":32,"column":2},"end":{"line":32,"column":3}},"loc":{"start":{"line":32,"column":41},"end":{"line":39,"column":3}},"line":32},"6":{"name":"(anonymous_6)","decl":{"start":{"line":41,"column":2},"end":{"line":41,"column":3}},"loc":{"start":{"line":41,"column":23},"end":{"line":43,"column":3}},"line":41},"7":{"name":"(anonymous_7)","decl":{"start":{"line":45,"column":2},"end":{"line":45,"column":3}},"loc":{"start":{"line":45,"column":39},"end":{"line":47,"column":3}},"line":45},"8":{"name":"(anonymous_8)","decl":{"start":{"line":49,"column":2},"end":{"line":49,"column":3}},"loc":{"start":{"line":49,"column":50},"end":{"line":54,"column":3}},"line":49},"9":{"name":"(anonymous_9)","decl":{"start":{"line":56,"column":2},"end":{"line":56,"column":3}},"loc":{"start":{"line":56,"column":41},"end":{"line":61,"column":3}},"line":56},"10":{"name":"(anonymous_10)","decl":{"start":{"line":63,"column":2},"end":{"line":63,"column":3}},"loc":{"start":{"line":63,"column":28},"end":{"line":70,"column":3}},"line":63},"11":{"name":"(anonymous_11)","decl":{"start":{"line":72,"column":2},"end":{"line":72,"column":3}},"loc":{"start":{"line":72,"column":20},"end":{"line":77,"column":3}},"line":72}},"branchMap":{"0":{"loc":{"start":{"line":12,"column":40},"end":{"line":12,"column":62}},"type":"binary-expr","locations":[{"start":{"line":12,"column":40},"end":{"line":12,"column":49}},{"start":{"line":12,"column":53},"end":{"line":12,"column":62}}],"line":12},"1":{"loc":{"start":{"line":42,"column":3},"end":{"line":42,"column":54}},"type":"if","locations":[{"start":{"line":42,"column":3},"end":{"line":42,"column":54}},{"start":{"line":42,"column":3},"end":{"line":42,"column":54}}],"line":42},"2":{"loc":{"start":{"line":46,"column":3},"end":{"line":46,"column":70}},"type":"if","locations":[{"start":{"line":46,"column":3},"end":{"line":46,"column":70}},{"start":{"line":46,"column":3},"end":{"line":46,"column":70}}],"line":46},"3":{"loc":{"start":{"line":53,"column":25},"end":{"line":53,"column":80}},"type":"cond-expr","locations":[{"start":{"line":53,"column":39},"end":{"line":53,"column":72}},{"start":{"line":53,"column":75},"end":{"line":53,"column":80}}],"line":53},"4":{"loc":{"start":{"line":58,"column":25},"end":{"line":58,"column":123}},"type":"cond-expr","locations":[{"start":{"line":58,"column":50},"end":{"line":58,"column":71}},{"start":{"line":58,"column":74},"end":{"line":58,"column":123}}],"line":58}},"s":{"0":10,"1":10,"2":19,"3":18,"4":18,"5":18,"6":5,"7":5,"8":7,"9":7,"10":7,"11":6,"12":6,"13":29,"14":29,"15":23,"16":23,"17":23,"18":26,"19":1,"20":11,"21":1,"22":18,"23":18,"24":18,"25":18,"26":7,"27":6,"28":6,"29":6,"30":25,"31":25,"32":11,"33":11,"34":24,"35":25,"36":25,"37":25,"38":25},"f":{"0":10,"1":19,"2":5,"3":7,"4":6,"5":29,"6":26,"7":11,"8":18,"9":7,"10":25,"11":25},"b":{"0":[18,13],"1":[1,25],"2":[1,10],"3":[5,13],"4":[2,4]},"_coverageSchema":"1a1c01bbd47fc00a2c39e90264f33305004495a9","hash":"bffd70f7e025b8d6f0584883dba301fd9acde27f"}
,"/home/hugo/epam/challenges/directory-tree/src/InstructionHandler.js": {"path":"/home/hugo/epam/challenges/directory-tree/src/InstructionHandler.js","statementMap":{"0":{"start":{"line":7,"column":4},"end":{"line":7,"column":47}},"1":{"start":{"line":8,"column":4},"end":{"line":8,"column":40}},"2":{"start":{"line":9,"column":4},"end":{"line":9,"column":35}},"3":{"start":{"line":10,"column":4},"end":{"line":10,"column":25}},"4":{"start":{"line":14,"column":4},"end":{"line":20,"column":5}},"5":{"start":{"line":15,"column":6},"end":{"line":19,"column":7}},"6":{"start":{"line":16,"column":8},"end":{"line":16,"column":46}},"7":{"start":{"line":18,"column":8},"end":{"line":18,"column":41}},"8":{"start":{"line":24,"column":4},"end":{"line":24,"column":31}},"9":{"start":{"line":28,"column":4},"end":{"line":28,"column":92}},"10":{"start":{"line":28,"column":45},"end":{"line":28,"column":92}},"11":{"start":{"line":29,"column":39},"end":{"line":29,"column":80}},"12":{"start":{"line":30,"column":4},"end":{"line":30,"column":35}},"13":{"start":{"line":31,"column":4},"end":{"line":31,"column":49}},"14":{"start":{"line":35,"column":37},"end":{"line":35,"column":61}},"15":{"start":{"line":36,"column":4},"end":{"line":36,"column":38}},"16":{"start":{"line":40,"column":4},"end":{"line":40,"column":128}},"17":{"start":{"line":40,"column":77},"end":{"line":40,"column":128}},"18":{"start":{"line":44,"column":4},"end":{"line":44,"column":74}},"19":{"start":{"line":44,"column":24},"end":{"line":44,"column":74}},"20":{"start":{"line":45,"column":4},"end":{"line":45,"column":115}},"21":{"start":{"line":45,"column":51},"end":{"line":45,"column":115}},"22":{"start":{"line":49,"column":17},"end":{"line":49,"column":24}},"23":{"start":{"line":50,"column":4},"end":{"line":50,"column":35}},"24":{"start":{"line":50,"column":14},"end":{"line":50,"column":35}},"25":{"start":{"line":51,"column":4},"end":{"line":51,"column":41}},"26":{"start":{"line":51,"column":17},"end":{"line":51,"column":41}},"27":{"start":{"line":52,"column":4},"end":{"line":52,"column":28}},"28":{"start":{"line":53,"column":30},"end":{"line":53,"column":61}},"29":{"start":{"line":54,"column":25},"end":{"line":54,"column":68}},"30":{"start":{"line":55,"column":4},"end":{"line":55,"column":32}}},"fnMap":{"0":{"name":"(anonymous_0)","decl":{"start":{"line":6,"column":2},"end":{"line":6,"column":3}},"loc":{"start":{"line":6,"column":38},"end":{"line":11,"column":3}},"line":6},"1":{"name":"(anonymous_1)","decl":{"start":{"line":13,"column":2},"end":{"line":13,"column":3}},"loc":{"start":{"line":13,"column":37},"end":{"line":21,"column":3}},"line":13},"2":{"name":"(anonymous_2)","decl":{"start":{"line":23,"column":2},"end":{"line":23,"column":3}},"loc":{"start":{"line":23,"column":27},"end":{"line":25,"column":3}},"line":23},"3":{"name":"(anonymous_3)","decl":{"start":{"line":27,"column":2},"end":{"line":27,"column":3}},"loc":{"start":{"line":27,"column":36},"end":{"line":32,"column":3}},"line":27},"4":{"name":"(anonymous_4)","decl":{"start":{"line":34,"column":2},"end":{"line":34,"column":3}},"loc":{"start":{"line":34,"column":40},"end":{"line":37,"column":3}},"line":34},"5":{"name":"(anonymous_5)","decl":{"start":{"line":39,"column":2},"end":{"line":39,"column":3}},"loc":{"start":{"line":39,"column":29},"end":{"line":41,"column":3}},"line":39},"6":{"name":"(anonymous_6)","decl":{"start":{"line":43,"column":2},"end":{"line":43,"column":3}},"loc":{"start":{"line":43,"column":41},"end":{"line":46,"column":3}},"line":43},"7":{"name":"(anonymous_7)","decl":{"start":{"line":48,"column":2},"end":{"line":48,"column":3}},"loc":{"start":{"line":48,"column":43},"end":{"line":56,"column":3}},"line":48}},"branchMap":{"0":{"loc":{"start":{"line":28,"column":4},"end":{"line":28,"column":92}},"type":"if","locations":[{"start":{"line":28,"column":4},"end":{"line":28,"column":92}},{"start":{"line":28,"column":4},"end":{"line":28,"column":92}}],"line":28},"1":{"loc":{"start":{"line":28,"column":8},"end":{"line":28,"column":43}},"type":"binary-expr","locations":[{"start":{"line":28,"column":8},"end":{"line":28,"column":20}},{"start":{"line":28,"column":24},"end":{"line":28,"column":43}}],"line":28},"2":{"loc":{"start":{"line":40,"column":4},"end":{"line":40,"column":128}},"type":"if","locations":[{"start":{"line":40,"column":4},"end":{"line":40,"column":128}},{"start":{"line":40,"column":4},"end":{"line":40,"column":128}}],"line":40},"3":{"loc":{"start":{"line":44,"column":4},"end":{"line":44,"column":74}},"type":"if","locations":[{"start":{"line":44,"column":4},"end":{"line":44,"column":74}},{"start":{"line":44,"column":4},"end":{"line":44,"column":74}}],"line":44},"4":{"loc":{"start":{"line":45,"column":4},"end":{"line":45,"column":115}},"type":"if","locations":[{"start":{"line":45,"column":4},"end":{"line":45,"column":115}},{"start":{"line":45,"column":4},"end":{"line":45,"column":115}}],"line":45},"5":{"loc":{"start":{"line":50,"column":4},"end":{"line":50,"column":35}},"type":"if","locations":[{"start":{"line":50,"column":4},"end":{"line":50,"column":35}},{"start":{"line":50,"column":4},"end":{"line":50,"column":35}}],"line":50},"6":{"loc":{"start":{"line":51,"column":4},"end":{"line":51,"column":41}},"type":"if","locations":[{"start":{"line":51,"column":4},"end":{"line":51,"column":41}},{"start":{"line":51,"column":4},"end":{"line":51,"column":41}}],"line":51}},"s":{"0":12,"1":10,"2":10,"3":10,"4":7,"5":29,"6":29,"7":4,"8":10,"9":29,"10":1,"11":28,"12":28,"13":27,"14":28,"15":28,"16":28,"17":1,"18":12,"19":1,"20":11,"21":1,"22":27,"23":27,"24":20,"25":27,"26":5,"27":27,"28":27,"29":27,"30":27},"f":{"0":12,"1":7,"2":10,"3":29,"4":28,"5":28,"6":12,"7":27},"b":{"0":[1,28],"1":[29,28],"2":[1,27],"3":[1,11],"4":[1,10],"5":[20,7],"6":[5,22]},"_coverageSchema":"1a1c01bbd47fc00a2c39e90264f33305004495a9","hash":"cc8967485506918adff92f8e0cf7c7169584a7c9"}
,"/home/hugo/epam/challenges/directory-tree/src/utils/constants.js": {"path":"/home/hugo/epam/challenges/directory-tree/src/utils/constants.js","statementMap":{"0":{"start":{"line":1,"column":28},"end":{"line":6,"column":2}}},"fnMap":{},"branchMap":{},"s":{"0":1},"f":{},"b":{},"_coverageSchema":"1a1c01bbd47fc00a2c39e90264f33305004495a9","hash":"301a142940606e260449a2dd17fa9ee54db250fe"}
,"/home/hugo/epam/challenges/directory-tree/src/utils/exceptions.js": {"path":"/home/hugo/epam/challenges/directory-tree/src/utils/exceptions.js","statementMap":{"0":{"start":{"line":3,"column":4},"end":{"line":3,"column":12}},"1":{"start":{"line":4,"column":4},"end":{"line":4,"column":66}},"2":{"start":{"line":10,"column":4},"end":{"line":10,"column":12}},"3":{"start":{"line":11,"column":4},"end":{"line":11,"column":60}}},"fnMap":{"0":{"name":"(anonymous_0)","decl":{"start":{"line":2,"column":2},"end":{"line":2,"column":3}},"loc":{"start":{"line":2,"column":25},"end":{"line":5,"column":3}},"line":2},"1":{"name":"(anonymous_1)","decl":{"start":{"line":9,"column":2},"end":{"line":9,"column":3}},"loc":{"start":{"line":9,"column":32},"end":{"line":12,"column":3}},"line":9}},"branchMap":{},"s":{"0":4,"1":4,"2":2,"3":2},"f":{"0":4,"1":2},"b":{},"_coverageSchema":"1a1c01bbd47fc00a2c39e90264f33305004495a9","hash":"8b349c0d816f76340727d3a66dc383a6b19fb7c0"}
}
