TN:
SF:src/DirectoryTree.js
FN:4,(anonymous_0)
FN:9,(anonymous_1)
FN:16,(anonymous_2)
FN:21,(anonymous_3)
FN:28,(anonymous_4)
FN:32,(anonymous_5)
FN:41,(anonymous_6)
FN:45,(anonymous_7)
FN:49,(anonymous_8)
FN:56,(anonymous_9)
FN:63,(anonymous_10)
FN:72,(anonymous_11)
FNF:12
FNH:12
FNDA:10,(anonymous_0)
FNDA:19,(anonymous_1)
FNDA:5,(anonymous_2)
FNDA:7,(anonymous_3)
FNDA:6,(anonymous_4)
FNDA:29,(anonymous_5)
FNDA:26,(anonymous_6)
FNDA:11,(anonymous_7)
FNDA:18,(anonymous_8)
FNDA:7,(anonymous_9)
FNDA:25,(anonymous_10)
FNDA:25,(anonymous_11)
DA:5,10
DA:6,10
DA:10,19
DA:11,18
DA:12,18
DA:13,18
DA:17,5
DA:18,5
DA:22,7
DA:23,7
DA:24,7
DA:25,6
DA:29,6
DA:33,29
DA:34,29
DA:35,23
DA:36,23
DA:37,23
DA:42,26
DA:46,11
DA:50,18
DA:51,18
DA:52,18
DA:53,18
DA:57,7
DA:58,6
DA:59,6
DA:60,6
DA:64,25
DA:65,25
DA:66,11
DA:67,11
DA:69,24
DA:73,25
DA:74,25
DA:75,25
DA:76,25
LF:37
LH:37
BRDA:12,0,0,18
BRDA:12,0,1,13
BRDA:42,1,0,1
BRDA:42,1,1,25
BRDA:46,2,0,1
BRDA:46,2,1,10
BRDA:53,3,0,5
BRDA:53,3,1,13
BRDA:58,4,0,2
BRDA:58,4,1,4
BRF:10
BRH:10
end_of_record
TN:
SF:src/InstructionHandler.js
FN:6,(anonymous_0)
FN:13,(anonymous_1)
FN:23,(anonymous_2)
FN:27,(anonymous_3)
FN:34,(anonymous_4)
FN:39,(anonymous_5)
FN:43,(anonymous_6)
FN:48,(anonymous_7)
FNF:8
FNH:8
FNDA:12,(anonymous_0)
FNDA:7,(anonymous_1)
FNDA:10,(anonymous_2)
FNDA:29,(anonymous_3)
FNDA:28,(anonymous_4)
FNDA:28,(anonymous_5)
FNDA:12,(anonymous_6)
FNDA:27,(anonymous_7)
DA:7,12
DA:8,10
DA:9,10
DA:10,10
DA:14,7
DA:15,29
DA:16,29
DA:18,4
DA:24,10
DA:28,29
DA:29,28
DA:30,28
DA:31,27
DA:35,28
DA:36,28
DA:40,28
DA:44,12
DA:45,11
DA:49,27
DA:50,27
DA:51,27
DA:52,27
DA:53,27
DA:54,27
DA:55,27
LF:25
LH:25
BRDA:28,0,0,1
BRDA:28,0,1,28
BRDA:28,1,0,29
BRDA:28,1,1,28
BRDA:40,2,0,1
BRDA:40,2,1,27
BRDA:44,3,0,1
BRDA:44,3,1,11
BRDA:45,4,0,1
BRDA:45,4,1,10
BRDA:50,5,0,20
BRDA:50,5,1,7
BRDA:51,6,0,5
BRDA:51,6,1,22
BRF:14
BRH:14
end_of_record
TN:
SF:src/utils/constants.js
FNF:0
FNH:0
DA:1,1
LF:1
LH:1
BRF:0
BRH:0
end_of_record
TN:
SF:src/utils/exceptions.js
FN:2,(anonymous_0)
FN:9,(anonymous_1)
FNF:2
FNH:2
FNDA:4,(anonymous_0)
FNDA:2,(anonymous_1)
DA:3,4
DA:4,4
DA:10,2
DA:11,2
LF:4
LH:4
BRF:0
BRH:0
end_of_record
